<?xml version="1.0" encoding="UTF-8"?>
<testsuite xmlns:xsi="http://www.w3.org/2001/XMLSchema-instance" xsi:schemaLocation="https://maven.apache.org/surefire/maven-surefire-plugin/xsd/surefire-test-report.xsd" name="io.github.primepotato.jandas.column.DateColumnTest" time="0.005" tests="15" errors="0" skipped="0" failures="0">
  <properties>
[...]
</properties>
  <testcase name="append" classname="io.github.primepotato.jandas.column.DateColumnTest" time="0.001"/>
  <testcase name="subColumn" classname="io.github.primepotato.jandas.column.DateColumnTest" time="0.002"/>
  <testcase name="unique" classname="io.github.primepotato.jandas.column.DateColumnTest" time="0.001"/>
  <testcase name="append1" classname="io.github.primepotato.jandas.column.DateColumnTest" time="0"/>
  <testcase name="append2" classname="io.github.primepotato.jandas.column.DateColumnTest" time="0"/>
  <testcase name="getDate" classname="io.github.primepotato.jandas.column.DateColumnTest" time="0"/>
  <testcase name="getRows" classname="io.github.primepotato.jandas.column.DateColumnTest" time="0"/>
  <testcase name="size" classname="io.github.primepotato.jandas.column.DateColumnTest" time="0"/>
  <testcase name="newDataContainer" classname="io.github.primepotato.jandas.column.DateColumnTest" time="0"/>
  <testcase name="rebuildIndex" classname="io.github.primepotato.jandas.column.DateColumnTest" time="0"/>
  <testcase name="getObject" classname="io.github.primepotato.jandas.column.DateColumnTest" time="0"/>
  <testcase name="getString" classname="io.github.primepotato.jandas.column.DateColumnTest" time="0"/>
  <testcase name="rawData" classname="io.github.primepotato.jandas.column.DateColumnTest" time="0"/>
  <testcase name="appendString" classname="io.github.primepotato.jandas.column.DateColumnTest" time="0"/>
  <testcase name="appendAll" classname="io.github.primepotato.jandas.column.DateColumnTest" time="0"/>
</testsuite>